ERROR: Unable to locate a modulefile for 'gcc/13.2.1'

Training...

Testing...

Total encerts = 885


Goodbye! (10.100786 sec)


 Performance counter stats for './exec':

         80.600,71 msec task-clock:u                     #    7,970 CPUs utilized             
                 0      context-switches:u               #    0,000 /sec                      
                 0      cpu-migrations:u                 #    0,000 /sec                      
             3.633      page-faults:u                    #   45,074 /sec                      
   207.379.137.686      cycles:u                         #    2,573 GHz                         (50,02%)
    23.227.830.505      stalled-cycles-frontend:u        #   11,20% frontend cycles idle        (50,02%)
    29.313.824.592      stalled-cycles-backend:u         #   14,14% backend cycles idle         (49,99%)
   208.672.653.057      instructions:u                   #    1,01  insn per cycle            
                                                  #    0,14  stalled cycles per insn     (49,98%)
    52.396.066.402      branches:u                       #  650,070 M/sec                       (49,98%)
        11.872.948      branch-misses:u                  #    0,02% of all branches             (50,01%)

      10,112833319 seconds time elapsed

      79,796844000 seconds user
       0,021683000 seconds sys



Training...

Testing...

Total encerts = 885


Goodbye! (10.049893 sec)

